\BOOKMARK [1][-]{section.1}{\376\377\000I\000n\000t\000r\000o\000d\000u\000c\000t\000i\000o\000n}{}% 1
\BOOKMARK [1][-]{section.2}{\376\377\000M\000u\000n\000i\000n}{}% 2
\BOOKMARK [1][-]{section.3}{\376\377\000S\000p\000a\000c\000e\000\040\000c\000o\000m\000p\000l\000e\000x\000i\000t\000y\000\040\000a\000n\000a\000l\000y\000s\000i\000s\000\040\000u\000s\000i\000n\000g\000\040\000M\000u\000n\000i\000n}{}% 3
\BOOKMARK [1][-]{section.4}{\376\377\000D\000i\000s\000c\000u\000s\000s\000i\000o\000n}{}% 4
\BOOKMARK [1][-]{appendix.A}{\376\377\000M\000u\000n\000i\000n\000\040\000e\000x\000a\000m\000p\000l\000e\000\040\000a\000l\000g\000o\000r\000i\000t\000h\000m\000s}{}% 5
\BOOKMARK [2][-]{subsection.A.1}{\376\377\000L\000S\000P\000A\000C\000E\000\040\000P\000A\000L\000\040\000a\000l\000g\000o\000r\000i\000t\000h\000m}{appendix.A}% 6
\BOOKMARK [3][-]{subsubsection.A.1.1}{\376\377\000P\000s\000e\000u\000d\000o\000-\000c\000o\000d\000e}{subsection.A.1}% 7
\BOOKMARK [3][-]{subsubsection.A.1.2}{\376\377\000M\000u\000n\000i\000n\000\040\000a\000s\000s\000e\000m\000b\000l\000y\000\040\000c\000o\000d\000e}{subsection.A.1}% 8
\BOOKMARK [2][-]{subsection.A.2}{\376\377\000L\000i\000n\000e\000a\000r\000-\000s\000p\000a\000c\000e\000\040\000A\000D\000D\000\040\000a\000l\000g\000o\000r\000i\000t\000h\000m}{appendix.A}% 9
\BOOKMARK [3][-]{subsubsection.A.2.1}{\376\377\000P\000s\000e\000u\000d\000o\000-\000c\000o\000d\000e}{subsection.A.2}% 10
\BOOKMARK [3][-]{subsubsection.A.2.2}{\376\377\000M\000u\000n\000i\000n\000\040\000a\000s\000s\000e\000m\000b\000l\000y\000\040\000c\000o\000d\000e}{subsection.A.2}% 11
\BOOKMARK [2][-]{subsection.A.3}{\376\377\000L\000S\000P\000A\000C\000E\000\040\000A\000D\000D\000\040\000a\000l\000g\000o\000r\000i\000t\000h\000m}{appendix.A}% 12
\BOOKMARK [3][-]{subsubsection.A.3.1}{\376\377\000P\000s\000e\000u\000d\000o\000-\000c\000o\000d\000e}{subsection.A.3}% 13
\BOOKMARK [3][-]{subsubsection.A.3.2}{\376\377\000M\000u\000n\000i\000n\000\040\000a\000s\000s\000e\000m\000b\000l\000y\000\040\000c\000o\000d\000e}{subsection.A.3}% 14
\BOOKMARK [2][-]{subsection.A.4}{\376\377\000L\000S\000P\000A\000C\000E\000\040\000P\000A\000L\000-\000A\000D\000D\000\040\000a\000l\000g\000o\000r\000i\000t\000h\000m}{appendix.A}% 15
\BOOKMARK [3][-]{subsubsection.A.4.1}{\376\377\000P\000s\000e\000u\000d\000o\000-\000c\000o\000d\000e}{subsection.A.4}% 16
\BOOKMARK [3][-]{subsubsection.A.4.2}{\376\377\000M\000u\000n\000i\000n\000\040\000a\000s\000s\000e\000m\000b\000l\000y\000\040\000c\000o\000d\000e}{subsection.A.4}% 17
\BOOKMARK [1][-]{appendix.B}{\376\377\000P\000r\000o\000o\000f\000s\000\040\000o\000f\000\040\000s\000p\000a\000c\000e\000\040\000c\000o\000m\000p\000l\000e\000x\000i\000t\000y}{}% 18
\BOOKMARK [2][-]{subsection.B.1}{\376\377\000A\000D\000D}{appendix.B}% 19
\BOOKMARK [2][-]{subsection.B.2}{\376\377\000P\000A\000L\000-\000A\000D\000D}{appendix.B}% 20
\BOOKMARK [1][-]{appendix.C}{\376\377\000M\000u\000n\000i\000n\000\040\000a\000s\000s\000e\000m\000b\000l\000y\000\040\000r\000e\000f\000e\000r\000e\000n\000c\000e}{}% 21
